2021/05/21 08:17:54 [notice] 1#1: using the "epoll" event method
2021/05/21 08:17:54 [notice] 1#1: nginx/1.20.0
2021/05/21 08:17:54 [notice] 1#1: built by gcc 8.3.0 (Debian 8.3.0-6) 
2021/05/21 08:17:54 [notice] 1#1: OS: Linux 5.4.0-73-generic
2021/05/21 08:17:54 [notice] 1#1: getrlimit(RLIMIT_NOFILE): 1048576:1048576
2021/05/21 08:17:54 [notice] 1#1: start worker processes
2021/05/21 08:17:54 [notice] 1#1: start worker process 23
2021/05/21 08:18:10 [notice] 1#1: signal 3 (SIGQUIT) received, shutting down
2021/05/21 08:18:10 [notice] 23#23: gracefully shutting down
2021/05/21 08:18:10 [notice] 23#23: exiting
2021/05/21 08:18:10 [notice] 23#23: exit
2021/05/21 08:18:10 [notice] 1#1: signal 17 (SIGCHLD) received from 23
2021/05/21 08:18:10 [notice] 1#1: worker process 23 exited with code 0
2021/05/21 08:18:10 [notice] 1#1: exit
2021/05/21 08:18:44 [notice] 1#1: using the "epoll" event method
2021/05/21 08:18:44 [notice] 1#1: nginx/1.20.0
2021/05/21 08:18:44 [notice] 1#1: built by gcc 8.3.0 (Debian 8.3.0-6) 
2021/05/21 08:18:44 [notice] 1#1: OS: Linux 5.4.0-73-generic
2021/05/21 08:18:44 [notice] 1#1: getrlimit(RLIMIT_NOFILE): 1048576:1048576
2021/05/21 08:18:44 [notice] 1#1: start worker processes
2021/05/21 08:18:44 [notice] 1#1: start worker process 23
2021/05/21 08:18:55 [notice] 1#1: signal 3 (SIGQUIT) received, shutting down
2021/05/21 08:18:55 [notice] 23#23: gracefully shutting down
2021/05/21 08:18:55 [notice] 23#23: exiting
2021/05/21 08:18:55 [notice] 23#23: exit
2021/05/21 08:18:55 [notice] 1#1: signal 17 (SIGCHLD) received from 23
2021/05/21 08:18:55 [notice] 1#1: worker process 23 exited with code 0
2021/05/21 08:18:55 [notice] 1#1: exit
2021/05/21 08:28:25 [notice] 1#1: using the "epoll" event method
2021/05/21 08:28:25 [notice] 1#1: nginx/1.20.0
2021/05/21 08:28:25 [notice] 1#1: built by gcc 8.3.0 (Debian 8.3.0-6) 
2021/05/21 08:28:25 [notice] 1#1: OS: Linux 5.4.0-73-generic
2021/05/21 08:28:25 [notice] 1#1: getrlimit(RLIMIT_NOFILE): 1048576:1048576
2021/05/21 08:28:25 [notice] 1#1: start worker processes
2021/05/21 08:28:25 [notice] 1#1: start worker process 23
2021/05/21 08:31:51 [notice] 1#1: signal 3 (SIGQUIT) received, shutting down
2021/05/21 08:31:51 [notice] 23#23: gracefully shutting down
2021/05/21 08:31:57 [notice] 23#23: exiting
2021/05/21 08:31:57 [notice] 23#23: exit
2021/05/21 08:31:57 [notice] 1#1: signal 17 (SIGCHLD) received from 23
2021/05/21 08:31:57 [notice] 1#1: worker process 23 exited with code 0
2021/05/21 08:31:57 [notice] 1#1: exit
2021/05/21 08:33:31 [notice] 1#1: using the "epoll" event method
2021/05/21 08:33:31 [notice] 1#1: nginx/1.20.0
2021/05/21 08:33:31 [notice] 1#1: built by gcc 8.3.0 (Debian 8.3.0-6) 
2021/05/21 08:33:31 [notice] 1#1: OS: Linux 5.4.0-73-generic
2021/05/21 08:33:31 [notice] 1#1: getrlimit(RLIMIT_NOFILE): 1048576:1048576
2021/05/21 08:33:31 [notice] 1#1: start worker processes
2021/05/21 08:33:31 [notice] 1#1: start worker process 23
2021/05/21 08:35:13 [notice] 1#1: signal 3 (SIGQUIT) received, shutting down
2021/05/21 08:35:13 [notice] 23#23: gracefully shutting down
2021/05/21 08:35:13 [notice] 23#23: exiting
2021/05/21 08:35:13 [notice] 23#23: exit
2021/05/21 08:35:13 [notice] 1#1: signal 17 (SIGCHLD) received from 23
2021/05/21 08:35:13 [notice] 1#1: worker process 23 exited with code 0
2021/05/21 08:35:13 [notice] 1#1: exit
2021/05/21 08:38:09 [notice] 1#1: using the "epoll" event method
2021/05/21 08:38:09 [notice] 1#1: nginx/1.20.0
2021/05/21 08:38:09 [notice] 1#1: built by gcc 8.3.0 (Debian 8.3.0-6) 
2021/05/21 08:38:09 [notice] 1#1: OS: Linux 5.4.0-73-generic
2021/05/21 08:38:09 [notice] 1#1: getrlimit(RLIMIT_NOFILE): 1048576:1048576
2021/05/21 08:38:09 [notice] 1#1: start worker processes
2021/05/21 08:38:09 [notice] 1#1: start worker process 23
2021/05/21 08:40:00 [notice] 1#1: signal 3 (SIGQUIT) received, shutting down
2021/05/21 08:40:00 [notice] 23#23: gracefully shutting down
2021/05/21 08:40:00 [notice] 23#23: exiting
2021/05/21 08:40:00 [notice] 23#23: exit
2021/05/21 08:40:00 [notice] 1#1: signal 17 (SIGCHLD) received from 23
2021/05/21 08:40:00 [notice] 1#1: worker process 23 exited with code 0
2021/05/21 08:40:00 [notice] 1#1: exit
2021/05/21 08:42:33 [notice] 1#1: using the "epoll" event method
2021/05/21 08:42:33 [notice] 1#1: nginx/1.20.0
2021/05/21 08:42:33 [notice] 1#1: built by gcc 8.3.0 (Debian 8.3.0-6) 
2021/05/21 08:42:33 [notice] 1#1: OS: Linux 5.4.0-73-generic
2021/05/21 08:42:33 [notice] 1#1: getrlimit(RLIMIT_NOFILE): 1048576:1048576
2021/05/21 08:42:33 [notice] 1#1: start worker processes
2021/05/21 08:42:33 [notice] 1#1: start worker process 23
2021/05/21 08:47:27 [notice] 1#1: signal 3 (SIGQUIT) received, shutting down
2021/05/21 08:47:27 [notice] 23#23: gracefully shutting down
2021/05/21 08:47:27 [notice] 23#23: exiting
2021/05/21 08:47:27 [notice] 23#23: exit
2021/05/21 08:47:27 [notice] 1#1: signal 17 (SIGCHLD) received from 23
2021/05/21 08:47:27 [notice] 1#1: worker process 23 exited with code 0
2021/05/21 08:47:27 [notice] 1#1: exit
2021/05/21 08:49:07 [notice] 1#1: using the "epoll" event method
2021/05/21 08:49:07 [notice] 1#1: nginx/1.20.0
2021/05/21 08:49:07 [notice] 1#1: built by gcc 8.3.0 (Debian 8.3.0-6) 
2021/05/21 08:49:07 [notice] 1#1: OS: Linux 5.4.0-73-generic
2021/05/21 08:49:07 [notice] 1#1: getrlimit(RLIMIT_NOFILE): 1048576:1048576
2021/05/21 08:49:07 [notice] 1#1: start worker processes
2021/05/21 08:49:07 [notice] 1#1: start worker process 22
2021/05/21 08:50:46 [notice] 1#1: signal 3 (SIGQUIT) received, shutting down
2021/05/21 08:50:46 [notice] 22#22: gracefully shutting down
2021/05/21 08:50:46 [notice] 22#22: exiting
2021/05/21 08:50:46 [notice] 22#22: exit
2021/05/21 08:50:46 [notice] 1#1: signal 17 (SIGCHLD) received from 22
2021/05/21 08:50:46 [notice] 1#1: worker process 22 exited with code 0
2021/05/21 08:50:46 [notice] 1#1: exit
2021/05/21 08:53:57 [notice] 1#1: using the "epoll" event method
2021/05/21 08:53:57 [notice] 1#1: nginx/1.20.0
2021/05/21 08:53:57 [notice] 1#1: built by gcc 8.3.0 (Debian 8.3.0-6) 
2021/05/21 08:53:57 [notice] 1#1: OS: Linux 5.4.0-73-generic
2021/05/21 08:53:57 [notice] 1#1: getrlimit(RLIMIT_NOFILE): 1048576:1048576
2021/05/21 08:53:57 [notice] 1#1: start worker processes
2021/05/21 08:53:57 [notice] 1#1: start worker process 23
2021/05/21 08:56:12 [notice] 1#1: signal 3 (SIGQUIT) received, shutting down
2021/05/21 08:56:12 [notice] 23#23: gracefully shutting down
2021/05/21 08:56:12 [notice] 23#23: exiting
2021/05/21 08:56:12 [notice] 23#23: exit
2021/05/21 08:56:12 [notice] 1#1: signal 17 (SIGCHLD) received from 23
2021/05/21 08:56:12 [notice] 1#1: worker process 23 exited with code 0
2021/05/21 08:56:12 [notice] 1#1: exit
2021/05/21 09:28:34 [notice] 1#1: using the "epoll" event method
2021/05/21 09:28:34 [notice] 1#1: nginx/1.20.0
2021/05/21 09:28:34 [notice] 1#1: built by gcc 8.3.0 (Debian 8.3.0-6) 
2021/05/21 09:28:34 [notice] 1#1: OS: Linux 5.4.0-73-generic
2021/05/21 09:28:34 [notice] 1#1: getrlimit(RLIMIT_NOFILE): 1048576:1048576
2021/05/21 09:28:34 [notice] 1#1: start worker processes
2021/05/21 09:28:34 [notice] 1#1: start worker process 23
2021/05/21 09:58:57 [notice] 1#1: signal 3 (SIGQUIT) received, shutting down
2021/05/21 09:58:57 [notice] 23#23: gracefully shutting down
2021/05/21 09:58:57 [notice] 23#23: exiting
2021/05/21 09:58:57 [notice] 23#23: exit
2021/05/21 09:58:57 [notice] 1#1: signal 17 (SIGCHLD) received from 23
2021/05/21 09:58:57 [notice] 1#1: worker process 23 exited with code 0
2021/05/21 09:58:57 [notice] 1#1: exit
2021/05/21 09:59:21 [notice] 1#1: using the "epoll" event method
2021/05/21 09:59:21 [notice] 1#1: nginx/1.20.0
2021/05/21 09:59:21 [notice] 1#1: built by gcc 8.3.0 (Debian 8.3.0-6) 
2021/05/21 09:59:21 [notice] 1#1: OS: Linux 5.4.0-73-generic
2021/05/21 09:59:21 [notice] 1#1: getrlimit(RLIMIT_NOFILE): 1048576:1048576
2021/05/21 09:59:21 [notice] 1#1: start worker processes
2021/05/21 09:59:21 [notice] 1#1: start worker process 23
2021/05/21 10:07:08 [notice] 1#1: signal 3 (SIGQUIT) received, shutting down
2021/05/21 10:07:08 [notice] 23#23: gracefully shutting down
2021/05/21 10:07:08 [notice] 23#23: exiting
2021/05/21 10:07:08 [notice] 23#23: exit
2021/05/21 10:07:08 [notice] 1#1: signal 17 (SIGCHLD) received from 23
2021/05/21 10:07:08 [notice] 1#1: worker process 23 exited with code 0
2021/05/21 10:07:08 [notice] 1#1: exit
2021/05/21 10:07:58 [notice] 1#1: using the "epoll" event method
2021/05/21 10:07:58 [notice] 1#1: nginx/1.20.0
2021/05/21 10:07:58 [notice] 1#1: built by gcc 8.3.0 (Debian 8.3.0-6) 
2021/05/21 10:07:58 [notice] 1#1: OS: Linux 5.4.0-73-generic
2021/05/21 10:07:58 [notice] 1#1: getrlimit(RLIMIT_NOFILE): 1048576:1048576
2021/05/21 10:07:58 [notice] 1#1: start worker processes
2021/05/21 10:07:58 [notice] 1#1: start worker process 23
2021/05/21 10:08:04 [error] 23#23: *1 connect() failed (111: Connection refused) while connecting to upstream, client: 192.168.0.104, server: , request: "GET /api/status HTTP/1.1", upstream: "http://172.19.0.4:5601/api/status", host: "192.168.0.108"
2021/05/21 10:08:05 [error] 23#23: *1 connect() failed (111: Connection refused) while connecting to upstream, client: 192.168.0.104, server: , request: "GET /api/status HTTP/1.1", upstream: "http://172.19.0.4:5601/api/status", host: "192.168.0.108"
2021/05/21 10:08:06 [error] 23#23: *1 connect() failed (111: Connection refused) while connecting to upstream, client: 192.168.0.104, server: , request: "GET /api/status HTTP/1.1", upstream: "http://172.19.0.4:5601/api/status", host: "192.168.0.108"
2021/05/21 10:08:07 [error] 23#23: *1 connect() failed (111: Connection refused) while connecting to upstream, client: 192.168.0.104, server: , request: "GET /api/status HTTP/1.1", upstream: "http://172.19.0.4:5601/api/status", host: "192.168.0.108"
2021/05/21 10:08:13 [error] 23#23: *1 connect() failed (111: Connection refused) while connecting to upstream, client: 192.168.0.104, server: , request: "GET / HTTP/1.1", upstream: "http://172.19.0.4:5601/", host: "192.168.0.108"
2021/05/21 10:08:16 [error] 23#23: *8 connect() failed (111: Connection refused) while connecting to upstream, client: 192.168.0.104, server: , request: "GET / HTTP/1.1", upstream: "http://172.19.0.4:5601/", host: "192.168.0.108"
2021/05/21 10:08:18 [error] 23#23: *8 connect() failed (111: Connection refused) while connecting to upstream, client: 192.168.0.104, server: , request: "GET / HTTP/1.1", upstream: "http://172.19.0.4:5601/", host: "192.168.0.108"
2021/05/21 11:32:02 [notice] 1#1: signal 3 (SIGQUIT) received, shutting down
2021/05/21 11:32:02 [notice] 23#23: gracefully shutting down
2021/05/21 11:32:02 [notice] 23#23: exiting
2021/05/21 11:32:02 [notice] 23#23: exit
2021/05/21 11:32:02 [notice] 1#1: signal 17 (SIGCHLD) received from 23
2021/05/21 11:32:02 [notice] 1#1: worker process 23 exited with code 0
2021/05/21 11:32:02 [notice] 1#1: exit
2021/05/21 11:35:42 [notice] 1#1: using the "epoll" event method
2021/05/21 11:35:42 [notice] 1#1: nginx/1.20.0
2021/05/21 11:35:42 [notice] 1#1: built by gcc 8.3.0 (Debian 8.3.0-6) 
2021/05/21 11:35:42 [notice] 1#1: OS: Linux 5.4.0-73-generic
2021/05/21 11:35:42 [notice] 1#1: getrlimit(RLIMIT_NOFILE): 1048576:1048576
2021/05/21 11:35:42 [notice] 1#1: start worker processes
2021/05/21 11:35:42 [notice] 1#1: start worker process 23
2021/05/21 11:43:50 [notice] 1#1: signal 3 (SIGQUIT) received, shutting down
2021/05/21 11:43:50 [notice] 23#23: gracefully shutting down
2021/05/21 11:43:50 [notice] 23#23: exiting
2021/05/21 11:43:50 [notice] 23#23: exit
2021/05/21 11:43:50 [notice] 1#1: signal 17 (SIGCHLD) received from 23
2021/05/21 11:43:50 [notice] 1#1: worker process 23 exited with code 0
2021/05/21 11:43:50 [notice] 1#1: exit
2021/05/21 11:44:56 [notice] 1#1: using the "epoll" event method
2021/05/21 11:44:56 [notice] 1#1: nginx/1.20.0
2021/05/21 11:44:56 [notice] 1#1: built by gcc 8.3.0 (Debian 8.3.0-6) 
2021/05/21 11:44:56 [notice] 1#1: OS: Linux 5.4.0-73-generic
2021/05/21 11:44:56 [notice] 1#1: getrlimit(RLIMIT_NOFILE): 1048576:1048576
2021/05/21 11:44:56 [notice] 1#1: start worker processes
2021/05/21 11:44:56 [notice] 1#1: start worker process 23
2021/05/21 11:52:10 [notice] 1#1: signal 3 (SIGQUIT) received, shutting down
2021/05/21 11:52:10 [notice] 23#23: gracefully shutting down
2021/05/21 11:52:10 [notice] 23#23: exiting
2021/05/21 11:52:10 [notice] 23#23: exit
2021/05/21 11:52:11 [notice] 1#1: signal 17 (SIGCHLD) received from 23
2021/05/21 11:52:11 [notice] 1#1: worker process 23 exited with code 0
2021/05/21 11:52:11 [notice] 1#1: exit
2021/05/21 12:12:42 [notice] 1#1: using the "epoll" event method
2021/05/21 12:12:42 [notice] 1#1: nginx/1.20.0
2021/05/21 12:12:42 [notice] 1#1: built by gcc 8.3.0 (Debian 8.3.0-6) 
2021/05/21 12:12:42 [notice] 1#1: OS: Linux 5.4.0-73-generic
2021/05/21 12:12:42 [notice] 1#1: getrlimit(RLIMIT_NOFILE): 1048576:1048576
2021/05/21 12:12:42 [notice] 1#1: start worker processes
2021/05/21 12:12:42 [notice] 1#1: start worker process 23
2021/05/21 13:03:48 [notice] 1#1: signal 3 (SIGQUIT) received, shutting down
2021/05/21 13:03:48 [notice] 23#23: gracefully shutting down
2021/05/21 13:03:48 [notice] 23#23: exiting
2021/05/21 13:03:48 [notice] 23#23: exit
2021/05/21 13:03:48 [notice] 1#1: signal 17 (SIGCHLD) received from 23
2021/05/21 13:03:48 [notice] 1#1: worker process 23 exited with code 0
2021/05/21 13:03:48 [notice] 1#1: exit
2021/05/21 13:46:53 [notice] 1#1: using the "epoll" event method
2021/05/21 13:46:53 [notice] 1#1: nginx/1.20.0
2021/05/21 13:46:53 [notice] 1#1: built by gcc 8.3.0 (Debian 8.3.0-6) 
2021/05/21 13:46:53 [notice] 1#1: OS: Linux 5.4.0-73-generic
2021/05/21 13:46:53 [notice] 1#1: getrlimit(RLIMIT_NOFILE): 1048576:1048576
2021/05/21 13:46:53 [notice] 1#1: start worker processes
2021/05/21 13:46:53 [notice] 1#1: start worker process 23
2021/05/21 13:47:00 [notice] 1#1: signal 3 (SIGQUIT) received, shutting down
2021/05/21 13:47:00 [notice] 23#23: gracefully shutting down
2021/05/21 13:47:00 [notice] 23#23: exiting
2021/05/21 13:47:00 [notice] 23#23: exit
2021/05/21 13:47:00 [notice] 1#1: signal 17 (SIGCHLD) received from 23
2021/05/21 13:47:00 [notice] 1#1: worker process 23 exited with code 0
2021/05/21 13:47:00 [notice] 1#1: exit
2021/05/21 13:47:22 [notice] 1#1: using the "epoll" event method
2021/05/21 13:47:22 [notice] 1#1: nginx/1.20.0
2021/05/21 13:47:22 [notice] 1#1: built by gcc 8.3.0 (Debian 8.3.0-6) 
2021/05/21 13:47:22 [notice] 1#1: OS: Linux 5.4.0-73-generic
2021/05/21 13:47:22 [notice] 1#1: getrlimit(RLIMIT_NOFILE): 1048576:1048576
2021/05/21 13:47:22 [notice] 1#1: start worker processes
2021/05/21 13:47:22 [notice] 1#1: start worker process 23
2021/05/21 14:19:45 [notice] 1#1: signal 3 (SIGQUIT) received, shutting down
2021/05/21 14:19:45 [notice] 23#23: gracefully shutting down
2021/05/21 14:19:45 [notice] 23#23: exiting
2021/05/21 14:19:45 [notice] 23#23: exit
2021/05/21 14:19:45 [notice] 1#1: signal 17 (SIGCHLD) received from 23
2021/05/21 14:19:45 [notice] 1#1: worker process 23 exited with code 0
2021/05/21 14:19:45 [notice] 1#1: exit
2021/05/21 14:21:22 [notice] 1#1: using the "epoll" event method
2021/05/21 14:21:22 [notice] 1#1: nginx/1.20.0
2021/05/21 14:21:22 [notice] 1#1: built by gcc 8.3.0 (Debian 8.3.0-6) 
2021/05/21 14:21:22 [notice] 1#1: OS: Linux 5.4.0-73-generic
2021/05/21 14:21:22 [notice] 1#1: getrlimit(RLIMIT_NOFILE): 1048576:1048576
2021/05/21 14:21:22 [notice] 1#1: start worker processes
2021/05/21 14:21:22 [notice] 1#1: start worker process 22
2021/05/21 14:48:00 [notice] 1#1: signal 3 (SIGQUIT) received, shutting down
2021/05/21 14:48:00 [notice] 22#22: gracefully shutting down
2021/05/21 14:48:00 [notice] 22#22: exiting
2021/05/21 14:48:00 [notice] 22#22: exit
2021/05/21 14:48:00 [notice] 1#1: signal 17 (SIGCHLD) received from 22
2021/05/21 14:48:00 [notice] 1#1: worker process 22 exited with code 0
2021/05/21 14:48:00 [notice] 1#1: exit
2021/05/21 14:48:22 [notice] 1#1: using the "epoll" event method
2021/05/21 14:48:22 [notice] 1#1: nginx/1.20.0
2021/05/21 14:48:22 [notice] 1#1: built by gcc 8.3.0 (Debian 8.3.0-6) 
2021/05/21 14:48:22 [notice] 1#1: OS: Linux 5.4.0-73-generic
2021/05/21 14:48:22 [notice] 1#1: getrlimit(RLIMIT_NOFILE): 1048576:1048576
2021/05/21 14:48:22 [notice] 1#1: start worker processes
2021/05/21 14:48:22 [notice] 1#1: start worker process 23
2021/05/21 15:20:54 [notice] 1#1: signal 3 (SIGQUIT) received, shutting down
2021/05/21 15:20:54 [notice] 23#23: gracefully shutting down
2021/05/21 15:20:54 [notice] 23#23: exiting
2021/05/21 15:20:54 [notice] 23#23: exit
2021/05/21 15:20:54 [notice] 1#1: signal 17 (SIGCHLD) received from 23
2021/05/21 15:20:54 [notice] 1#1: worker process 23 exited with code 0
2021/05/21 15:20:54 [notice] 1#1: exit
2021/05/21 15:21:09 [notice] 1#1: using the "epoll" event method
2021/05/21 15:21:09 [notice] 1#1: nginx/1.20.0
2021/05/21 15:21:09 [notice] 1#1: built by gcc 8.3.0 (Debian 8.3.0-6) 
2021/05/21 15:21:09 [notice] 1#1: OS: Linux 5.4.0-73-generic
2021/05/21 15:21:09 [notice] 1#1: getrlimit(RLIMIT_NOFILE): 1048576:1048576
2021/05/21 15:21:09 [notice] 1#1: start worker processes
2021/05/21 15:21:09 [notice] 1#1: start worker process 23
2021/05/21 15:21:17 [error] 23#23: *1 connect() failed (111: Connection refused) while connecting to upstream, client: 192.168.0.104, server: , request: "POST /api/ui_counters/_report HTTP/1.1", upstream: "http://172.23.0.4:5601/api/ui_counters/_report", host: "192.168.0.108", referrer: "http://192.168.0.108/app/management/kibana/indexPatterns/create"
2021/05/21 15:21:18 [error] 23#23: *1 connect() failed (111: Connection refused) while connecting to upstream, client: 192.168.0.104, server: , request: "POST /api/ui_counters/_report HTTP/1.1", upstream: "http://172.23.0.4:5601/api/ui_counters/_report", host: "192.168.0.108", referrer: "http://192.168.0.108/app/management/kibana/indexPatterns/create"
2021/05/21 15:21:20 [error] 23#23: *1 connect() failed (111: Connection refused) while connecting to upstream, client: 192.168.0.104, server: , request: "POST /api/ui_counters/_report HTTP/1.1", upstream: "http://172.23.0.4:5601/api/ui_counters/_report", host: "192.168.0.108", referrer: "http://192.168.0.108/app/management/kibana/indexPatterns/create"
2021/05/21 15:34:27 [notice] 1#1: signal 3 (SIGQUIT) received, shutting down
2021/05/21 15:34:27 [notice] 23#23: gracefully shutting down
2021/05/21 15:34:27 [notice] 23#23: exiting
2021/05/21 15:34:27 [notice] 23#23: exit
2021/05/21 15:34:27 [notice] 1#1: signal 17 (SIGCHLD) received from 23
2021/05/21 15:34:27 [notice] 1#1: worker process 23 exited with code 0
2021/05/21 15:34:27 [notice] 1#1: exit
2021/05/21 15:39:09 [notice] 1#1: using the "epoll" event method
2021/05/21 15:39:09 [notice] 1#1: nginx/1.20.0
2021/05/21 15:39:09 [notice] 1#1: built by gcc 8.3.0 (Debian 8.3.0-6) 
2021/05/21 15:39:09 [notice] 1#1: OS: Linux 5.4.0-73-generic
2021/05/21 15:39:09 [notice] 1#1: getrlimit(RLIMIT_NOFILE): 1048576:1048576
2021/05/21 15:39:09 [notice] 1#1: start worker processes
2021/05/21 15:39:09 [notice] 1#1: start worker process 22
2021/05/21 15:40:45 [notice] 1#1: signal 3 (SIGQUIT) received, shutting down
2021/05/21 15:40:45 [notice] 22#22: gracefully shutting down
2021/05/21 15:40:45 [notice] 22#22: exiting
2021/05/21 15:40:45 [notice] 22#22: exit
2021/05/21 15:40:46 [notice] 1#1: signal 17 (SIGCHLD) received from 22
2021/05/21 15:40:46 [notice] 1#1: worker process 22 exited with code 0
2021/05/21 15:40:46 [notice] 1#1: exit
2021/05/21 15:43:59 [notice] 1#1: using the "epoll" event method
2021/05/21 15:43:59 [notice] 1#1: nginx/1.20.0
2021/05/21 15:43:59 [notice] 1#1: built by gcc 8.3.0 (Debian 8.3.0-6) 
2021/05/21 15:43:59 [notice] 1#1: OS: Linux 5.4.0-73-generic
2021/05/21 15:43:59 [notice] 1#1: getrlimit(RLIMIT_NOFILE): 1048576:1048576
2021/05/21 15:43:59 [notice] 1#1: start worker processes
2021/05/21 15:43:59 [notice] 1#1: start worker process 23
2021/05/21 15:48:40 [notice] 1#1: signal 3 (SIGQUIT) received, shutting down
2021/05/21 15:48:40 [notice] 23#23: gracefully shutting down
2021/05/21 15:48:40 [notice] 23#23: exiting
2021/05/21 15:48:40 [notice] 23#23: exit
2021/05/21 15:48:40 [notice] 1#1: signal 17 (SIGCHLD) received from 23
2021/05/21 15:48:40 [notice] 1#1: worker process 23 exited with code 0
2021/05/21 15:48:40 [notice] 1#1: exit
2021/05/21 15:48:55 [notice] 1#1: using the "epoll" event method
2021/05/21 15:48:55 [notice] 1#1: nginx/1.20.0
2021/05/21 15:48:55 [notice] 1#1: built by gcc 8.3.0 (Debian 8.3.0-6) 
2021/05/21 15:48:55 [notice] 1#1: OS: Linux 5.4.0-73-generic
2021/05/21 15:48:55 [notice] 1#1: getrlimit(RLIMIT_NOFILE): 1048576:1048576
2021/05/21 15:48:55 [notice] 1#1: start worker processes
2021/05/21 15:48:55 [notice] 1#1: start worker process 23
2021/05/21 15:58:57 [notice] 1#1: signal 3 (SIGQUIT) received, shutting down
2021/05/21 15:58:57 [notice] 23#23: gracefully shutting down
2021/05/21 15:58:57 [notice] 23#23: exiting
2021/05/21 15:58:57 [notice] 23#23: exit
2021/05/21 15:58:57 [notice] 1#1: signal 17 (SIGCHLD) received from 23
2021/05/21 15:58:57 [notice] 1#1: worker process 23 exited with code 0
2021/05/21 15:58:57 [notice] 1#1: exit
2021/05/21 15:59:11 [notice] 1#1: using the "epoll" event method
2021/05/21 15:59:11 [notice] 1#1: nginx/1.20.0
2021/05/21 15:59:11 [notice] 1#1: built by gcc 8.3.0 (Debian 8.3.0-6) 
2021/05/21 15:59:11 [notice] 1#1: OS: Linux 5.4.0-73-generic
2021/05/21 15:59:11 [notice] 1#1: getrlimit(RLIMIT_NOFILE): 1048576:1048576
2021/05/21 15:59:11 [notice] 1#1: start worker processes
2021/05/21 15:59:11 [notice] 1#1: start worker process 23
2021/05/21 16:16:29 [notice] 1#1: signal 3 (SIGQUIT) received, shutting down
2021/05/21 16:16:29 [notice] 23#23: gracefully shutting down
2021/05/21 16:16:29 [notice] 23#23: exiting
2021/05/21 16:16:29 [notice] 23#23: exit
2021/05/21 16:16:29 [notice] 1#1: signal 17 (SIGCHLD) received from 23
2021/05/21 16:16:29 [notice] 1#1: worker process 23 exited with code 0
2021/05/21 16:16:29 [notice] 1#1: exit
2021/05/25 17:35:07 [notice] 1#1: using the "epoll" event method
2021/05/25 17:35:07 [notice] 1#1: nginx/1.20.0
2021/05/25 17:35:07 [notice] 1#1: built by gcc 8.3.0 (Debian 8.3.0-6) 
2021/05/25 17:35:07 [notice] 1#1: OS: Linux 5.4.0-73-generic
2021/05/25 17:35:07 [notice] 1#1: getrlimit(RLIMIT_NOFILE): 1048576:1048576
2021/05/25 17:35:07 [notice] 1#1: start worker processes
2021/05/25 17:35:07 [notice] 1#1: start worker process 23
2021/05/25 17:37:31 [notice] 1#1: signal 3 (SIGQUIT) received, shutting down
2021/05/25 17:37:31 [notice] 23#23: gracefully shutting down
2021/05/25 17:37:31 [notice] 23#23: exiting
2021/05/25 17:37:31 [notice] 23#23: exit
2021/05/25 17:37:31 [notice] 1#1: signal 17 (SIGCHLD) received from 23
2021/05/25 17:37:31 [notice] 1#1: worker process 23 exited with code 0
2021/05/25 17:37:31 [notice] 1#1: exit
2021/06/21 17:33:30 [notice] 1#1: using the "epoll" event method
2021/06/21 17:33:30 [notice] 1#1: nginx/1.20.0
2021/06/21 17:33:30 [notice] 1#1: built by gcc 8.3.0 (Debian 8.3.0-6) 
2021/06/21 17:33:30 [notice] 1#1: OS: Linux 5.4.0-73-generic
2021/06/21 17:33:30 [notice] 1#1: getrlimit(RLIMIT_NOFILE): 1048576:1048576
2021/06/21 17:33:30 [notice] 1#1: start worker processes
2021/06/21 17:33:30 [notice] 1#1: start worker process 23
